0 info it worked if it ends with ok
1 verbose cli [ 'node', '/usr/local/bin/npm', 'publish' ]
2 info using npm@1.1.48
3 info using node@v0.8.6
4 verbose node symlink /usr/local/bin/node
5 verbose config file /Users/stephen/.npmrc
6 verbose config file /usr/local/etc/npmrc
7 verbose config file /usr/local/lib/node_modules/npm/npmrc
8 verbose publish [ '.' ]
9 verbose read json /Users/stephen/dev/any-db-pool/package.json
10 verbose cache add [ '.', null ]
11 silly cache add name=undefined spec="." args=[".",null]
12 verbose parsed url { pathname: '.', path: '.', href: '.' }
13 silly lockFile 3a52ce78- .
14 verbose lock . /Users/stephen/.npm/3a52ce78-.lock
15 verbose read json package.json
16 verbose tar pack [ '/var/folders/7b/d4580qks3gx64yhrv_09wdwm0000gn/T/npm-50485/1377889098314-0.2279845078010112/tmp.tgz',
16 verbose tar pack   '.' ]
17 verbose tarball /var/folders/7b/d4580qks3gx64yhrv_09wdwm0000gn/T/npm-50485/1377889098314-0.2279845078010112/tmp.tgz
18 verbose folder .
19 info prepublish any-db-pool@0.1.0
20 silly lockFile b392e21c-98314-0-2279845078010112-tmp-tgz /var/folders/7b/d4580qks3gx64yhrv_09wdwm0000gn/T/npm-50485/1377889098314-0.2279845078010112/tmp.tgz
21 verbose lock /var/folders/7b/d4580qks3gx64yhrv_09wdwm0000gn/T/npm-50485/1377889098314-0.2279845078010112/tmp.tgz /Users/stephen/.npm/b392e21c-98314-0-2279845078010112-tmp-tgz.lock
22 silly lockFile b392e21c-98314-0-2279845078010112-tmp-tgz /var/folders/7b/d4580qks3gx64yhrv_09wdwm0000gn/T/npm-50485/1377889098314-0.2279845078010112/tmp.tgz
23 verbose tar unpack /var/folders/7b/d4580qks3gx64yhrv_09wdwm0000gn/T/npm-50485/1377889098314-0.2279845078010112/tmp.tgz
24 silly lockFile 7a16090a-98314-0-2279845078010112-package /var/folders/7b/d4580qks3gx64yhrv_09wdwm0000gn/T/npm-50485/1377889098314-0.2279845078010112/package
25 verbose lock /var/folders/7b/d4580qks3gx64yhrv_09wdwm0000gn/T/npm-50485/1377889098314-0.2279845078010112/package /Users/stephen/.npm/7a16090a-98314-0-2279845078010112-package.lock
26 silly gunzTarPerm modes [ '755', '644' ]
27 silly gunzTarPerm extractEntry package.json
28 silly gunzTarPerm extractEntry README.md
29 silly gunzTarPerm extractEntry index.js
30 silly gunzTarPerm extractEntry .travis.yml
31 silly gunzTarPerm extractEntry lib/chain.js
32 verbose read json /var/folders/7b/d4580qks3gx64yhrv_09wdwm0000gn/T/npm-50485/1377889098314-0.2279845078010112/package/package.json
33 silly lockFile 7a16090a-98314-0-2279845078010112-package /var/folders/7b/d4580qks3gx64yhrv_09wdwm0000gn/T/npm-50485/1377889098314-0.2279845078010112/package
34 verbose from cache /var/folders/7b/d4580qks3gx64yhrv_09wdwm0000gn/T/npm-50485/1377889098314-0.2279845078010112/package/package.json
35 verbose tar pack [ '/Users/stephen/.npm/any-db-pool/0.1.0/package.tgz',
35 verbose tar pack   '/var/folders/7b/d4580qks3gx64yhrv_09wdwm0000gn/T/npm-50485/1377889098314-0.2279845078010112/package' ]
36 verbose tarball /Users/stephen/.npm/any-db-pool/0.1.0/package.tgz
37 verbose folder /var/folders/7b/d4580qks3gx64yhrv_09wdwm0000gn/T/npm-50485/1377889098314-0.2279845078010112/package
38 silly lockFile e6998a51-pm-any-db-pool-0-1-0-package-tgz /Users/stephen/.npm/any-db-pool/0.1.0/package.tgz
39 verbose lock /Users/stephen/.npm/any-db-pool/0.1.0/package.tgz /Users/stephen/.npm/e6998a51-pm-any-db-pool-0-1-0-package-tgz.lock
40 silly lockFile e6998a51-pm-any-db-pool-0-1-0-package-tgz /Users/stephen/.npm/any-db-pool/0.1.0/package.tgz
41 silly lockFile 02e4dd69-en-npm-any-db-pool-0-1-0-package /Users/stephen/.npm/any-db-pool/0.1.0/package
42 verbose lock /Users/stephen/.npm/any-db-pool/0.1.0/package /Users/stephen/.npm/02e4dd69-en-npm-any-db-pool-0-1-0-package.lock
43 silly lockFile 02e4dd69-en-npm-any-db-pool-0-1-0-package /Users/stephen/.npm/any-db-pool/0.1.0/package
44 verbose tar unpack /Users/stephen/.npm/any-db-pool/0.1.0/package.tgz
45 silly lockFile 02e4dd69-en-npm-any-db-pool-0-1-0-package /Users/stephen/.npm/any-db-pool/0.1.0/package
46 verbose lock /Users/stephen/.npm/any-db-pool/0.1.0/package /Users/stephen/.npm/02e4dd69-en-npm-any-db-pool-0-1-0-package.lock
47 silly gunzTarPerm modes [ '755', '644' ]
48 silly gunzTarPerm extractEntry package.json
49 silly gunzTarPerm extractEntry README.md
50 silly gunzTarPerm extractEntry index.js
51 silly gunzTarPerm extractEntry .travis.yml
52 silly gunzTarPerm extractEntry lib/chain.js
53 verbose read json /Users/stephen/.npm/any-db-pool/0.1.0/package/package.json
54 silly lockFile 02e4dd69-en-npm-any-db-pool-0-1-0-package /Users/stephen/.npm/any-db-pool/0.1.0/package
55 silly shasum updated bytes 2658
56 info shasum c8504f15a6757ffae0a2df057e862b010ed92fa8
56 info shasum /Users/stephen/.npm/any-db-pool/0.1.0/package.tgz
57 verbose from cache /Users/stephen/.npm/any-db-pool/0.1.0/package/package.json
58 verbose chmod /Users/stephen/.npm/any-db-pool/0.1.0/package.tgz 644
59 verbose chown /Users/stephen/.npm/any-db-pool/0.1.0/package.tgz [ 501, 100 ]
60 silly lockFile 3a52ce78- .
61 silly publish { name: 'any-db-pool',
61 silly publish   version: '0.1.0',
61 silly publish   description: 'AnyDB connection pool',
61 silly publish   main: 'index.js',
61 silly publish   scripts: { test: 'echo "Error: no test specified" && exit 1' },
61 silly publish   repository: '',
61 silly publish   author: '',
61 silly publish   license: 'BSD',
61 silly publish   dependencies: { 'generic-pool': '~2.0.2', once: '~1.1.1' },
61 silly publish   readme: '# any-db-pool - database agnostic connection pool\n\n[![Build Status](https://secure.travis-ci.org/grncdr/node-any-db.png?branch=master)](http://travis-ci.org/grncdr/node-any-db-pool)\n\n## Synopsis\n\n```javascript\nvar ConnectionPool = require(\'any-db-pool\')\nvar mysql = require(\'mysql\')\n\nvar adapter = {\n  createConnection: function (opts, callback) {\n    var conn = mysql.createConnection(opts, callback)\n    conn.connect(function (err) {\n      if (err) callback(err)\n      else callback(null, conn)\n    })\n    return conn\n  },\n  createQuery: mysql.createQuery\n}\n\nvar pool = new ConnectionPool(adapter, {user: \'scott\', password: \'tiger\'}, {\n  min: 5,\n  max: 15,\n  reset: function (conn, done) { conn.query(\'ROLLBACK\', done) }\n})\n\n// Proxies to mysql\'s connection.query\nvar q = pool.query(\'SELECT 1\', function (err, res) { })\n```\n\n## Description\n\nThis module contains a database connection pool that can be used with any\ndriver, though it is designed to integrate well with [any-db][any-db], a\nminimal database abstraction layer. If you are writing a library that needs to\nsupport multiple database backends (e.g. SQLite3 or Postgres or MySQL) then it\'s\nhighly encouraged that you use [any-db][any-db] and **not** this\nmodule.\n\nIf, on the other hand, you just need a connection pool for your application this\nshould work for you with very little fuss.\n\n[any-db]: http://npm.im/any-db\n\n## Why wouldn\'t I just use `generic-pool`?\n\n[generic-pool][gpool] is awesome, but it\'s *very* generic.  This is a Good Thing\nfor a library with "generic" in the name, but not so good for the very common\nbut slightly more specialized case of pooling stateful database connection. This\nlibrary uses `generic-pool` and simply augments it with some added niceties:\n\n* Hooks for initializing and/or resetting connection state when connections are\n\tadded to the pool.\n* A `query` method that allows queries to be performed without the user needing\n\ta reference to a connection object (and potentially leaking that reference).\n\n[gpool]: http://npm.im/generic-pool\n\n## Installation\n\n`npm install any-db-pool`\n\n## API\n\nYou can find the API documentation for this connection pool inclued in the rest of\nthe any-db API docs\n[here](https://github.com/grncdr/node-any-db/blob/master/API.md#connectionpool).\n\n## License\n\nMIT\n',
61 silly publish   _id: 'any-db-pool@0.1.0',
61 silly publish   dist: { shasum: 'c8504f15a6757ffae0a2df057e862b010ed92fa8' } }
62 verbose url raw any-db-pool
63 verbose url resolving [ 'https://registry.npmjs.org/', './any-db-pool' ]
64 verbose url resolved https://registry.npmjs.org/any-db-pool
65 error publish Failed PUT response undefined
66 error Error: getaddrinfo ENOENT
66 error     at errnoException (dns.js:31:11)
66 error     at Object.onanswer [as oncomplete] (dns.js:123:16)
67 error If you need help, you may report this log at:
67 error     <http://github.com/isaacs/npm/issues>
67 error or email it to:
67 error     <npm-@googlegroups.com>
68 error System Darwin 12.4.0
69 error command "node" "/usr/local/bin/npm" "publish"
70 error cwd /Users/stephen/dev/any-db-pool
71 error node -v v0.8.6
72 error npm -v 1.1.48
73 error syscall getaddrinfo
74 error code ENOTFOUND
75 error errno ENOTFOUND
76 verbose exit [ 1, true ]
